mode: set
TaskManager/controller.go:14.52,16.2 1 1
TaskManager/controller.go:18.68,19.34 1 1
TaskManager/controller.go:19.34,21.3 1 1
TaskManager/controller.go:21.8,25.17 3 1
TaskManager/controller.go:25.17,28.4 2 0
TaskManager/controller.go:30.3,31.18 2 1
TaskManager/controller.go:31.18,33.4 1 0
TaskManager/controller.go:37.69,38.34 1 1
TaskManager/controller.go:38.34,40.3 1 1
TaskManager/controller.go:42.2,45.16 3 1
TaskManager/controller.go:45.16,47.3 1 1
TaskManager/controller.go:49.2,50.17 2 1
TaskManager/controller.go:50.17,53.3 2 1
TaskManager/controller.go:55.2,56.17 2 1
TaskManager/controller.go:56.17,59.3 2 0
TaskManager/controller.go:61.2,62.17 2 1
TaskManager/controller.go:62.17,64.3 1 0
TaskManager/controller.go:67.70,68.35 1 1
TaskManager/controller.go:68.35,70.3 1 1
TaskManager/controller.go:70.8,72.17 2 1
TaskManager/controller.go:72.17,75.4 2 0
TaskManager/controller.go:77.3,80.18 3 1
TaskManager/controller.go:80.18,83.4 2 1
TaskManager/controller.go:85.3,86.36 2 1
TaskManager/controller.go:90.69,91.34 1 1
TaskManager/controller.go:91.34,94.3 2 1
TaskManager/controller.go:96.2,99.16 3 1
TaskManager/controller.go:99.16,102.3 2 1
TaskManager/controller.go:104.2,105.30 2 1
TaskManager/controller.go:108.72,109.37 1 1
TaskManager/controller.go:109.37,112.3 2 1
TaskManager/controller.go:114.2,117.16 3 1
TaskManager/controller.go:117.16,120.3 2 1
TaskManager/controller.go:122.2,123.17 2 1
TaskManager/controller.go:123.17,125.3 1 1
TaskManager/controller.go:125.8,127.3 1 1
TaskManager/main.go:17.36,19.2 1 1
TaskManager/main.go:30.25,33.20 2 1
TaskManager/main.go:33.20,36.3 2 1
TaskManager/main.go:41.55,49.2 5 1
TaskManager/main.go:53.42,55.2 1 1
TaskManager/main.go:57.58,61.36 3 1
TaskManager/main.go:61.36,64.3 2 1
TaskManager/main.go:66.2,66.25 1 1
TaskManager/main.go:66.25,68.3 1 0
TaskManager/main.go:70.2,70.26 1 1
TaskManager/main.go:73.52,75.36 2 1
TaskManager/main.go:75.36,78.3 2 1
TaskManager/main.go:80.2,83.12 3 1
TaskManager/main.go:88.44,90.36 2 1
TaskManager/main.go:90.36,94.3 2 1
TaskManager/main.go:94.8,96.3 1 0
TaskManager/main.go:99.13,116.16 10 0
TaskManager/main.go:116.16,118.3 1 0
