mode: set
TaskManager/controller.go:14.52,16.2 1 1
TaskManager/controller.go:18.68,19.34 1 1
TaskManager/controller.go:19.34,21.3 1 1
TaskManager/controller.go:21.8,25.17 3 1
TaskManager/controller.go:25.17,28.4 2 0
TaskManager/controller.go:30.3,31.18 2 1
TaskManager/controller.go:31.18,33.4 1 0
TaskManager/controller.go:37.69,38.34 1 1
TaskManager/controller.go:38.34,41.3 2 1
TaskManager/controller.go:43.2,46.16 3 1
TaskManager/controller.go:46.16,49.3 2 1
TaskManager/controller.go:51.2,52.17 2 1
TaskManager/controller.go:52.17,55.3 2 1
TaskManager/controller.go:57.2,58.17 2 1
TaskManager/controller.go:58.17,61.3 2 0
TaskManager/controller.go:63.2,64.17 2 1
TaskManager/controller.go:64.17,66.3 1 0
TaskManager/controller.go:69.70,70.35 1 1
TaskManager/controller.go:70.35,72.3 1 1
TaskManager/controller.go:72.8,74.17 2 1
TaskManager/controller.go:74.17,77.4 2 1
TaskManager/controller.go:79.3,82.18 3 1
TaskManager/controller.go:82.18,85.4 2 1
TaskManager/controller.go:87.3,88.36 2 1
TaskManager/controller.go:92.69,93.34 1 1
TaskManager/controller.go:93.34,96.3 2 1
TaskManager/controller.go:98.2,101.16 3 1
TaskManager/controller.go:101.16,104.3 2 1
TaskManager/controller.go:106.2,107.17 2 1
TaskManager/controller.go:107.17,110.3 2 1
TaskManager/controller.go:112.2,112.30 1 1
TaskManager/controller.go:115.72,116.37 1 1
TaskManager/controller.go:116.37,119.3 2 1
TaskManager/controller.go:121.2,124.16 3 1
TaskManager/controller.go:124.16,127.3 2 1
TaskManager/controller.go:129.2,130.17 2 1
TaskManager/controller.go:130.17,132.3 1 1
TaskManager/controller.go:132.8,134.3 1 1
TaskManager/main.go:17.36,19.2 1 1
TaskManager/main.go:30.25,33.20 2 1
TaskManager/main.go:33.20,36.3 2 1
TaskManager/main.go:41.51,47.2 4 1
TaskManager/main.go:51.42,53.2 1 1
TaskManager/main.go:55.58,59.36 3 1
TaskManager/main.go:59.36,62.3 2 1
TaskManager/main.go:64.2,64.25 1 1
TaskManager/main.go:64.25,66.3 1 1
TaskManager/main.go:68.2,68.26 1 1
TaskManager/main.go:71.52,73.36 2 1
TaskManager/main.go:73.36,76.3 2 1
TaskManager/main.go:78.2,81.12 3 1
TaskManager/main.go:86.50,88.36 2 1
TaskManager/main.go:88.36,94.3 3 1
TaskManager/main.go:96.2,98.19 2 1
TaskManager/main.go:101.13,118.16 10 0
TaskManager/main.go:118.16,120.3 1 0
